2018-11-29 17:23:54,713 [main] INFO  ai.grakn.engine.GraknConfig - Project directory in use: /home/truong/Git/grakn-server/grakn-core-1.4.2
2018-11-29 17:23:54,719 [main] INFO  ai.grakn.engine.GraknConfig - Configuration file in use: /home/truong/Git/grakn-server/grakn-core-1.4.2/conf/grakn.properties
2018-11-29 17:23:54,722 [main] INFO  ai.grakn.engine.GraknConfig - Project directory in use: /home/truong/Git/grakn-server/grakn-core-1.4.2
2018-11-29 17:23:54,722 [main] INFO  ai.grakn.engine.GraknConfig - Configuration file in use: /home/truong/Git/grakn-server/grakn-core-1.4.2/conf/grakn.properties
2018-11-29 17:23:54,724 [main] INFO  ai.grakn.engine.GraknConfig - Project directory in use: /home/truong/Git/grakn-server/grakn-core-1.4.2
2018-11-29 17:23:54,724 [main] INFO  ai.grakn.engine.GraknConfig - Configuration file in use: /home/truong/Git/grakn-server/grakn-core-1.4.2/conf/grakn.properties
2018-11-29 17:24:06,454 [main] INFO  ai.grakn.engine.GraknConfig - Project directory in use: /home/truong/Git/grakn-server/grakn-core-1.4.2
2018-11-29 17:24:06,458 [main] INFO  ai.grakn.engine.GraknConfig - Configuration file in use: /home/truong/Git/grakn-server/grakn-core-1.4.2/conf/grakn.properties
2018-11-29 17:24:06,784 [main] INFO  ai.grakn.engine.Server - 
==================================================
2018-11-29 17:24:06,784 [main] INFO  ai.grakn.engine.Server - 
====================================================================================================
      ________  _____     _______  __    __  __    __      _______  _______  _____     _______
     |   __   ||   _  \  |   _   ||  |  /  /|  \  |  |    |   _   ||   _   ||   _  \  |   ____|
     |  |  |__||  | |  | |  | |  ||  | /  / |   \ |  |    |  | |__||  | |  ||  | |  | |  |
     |  | ____ |  |_| /  |  |_|  ||  |/  /  |    \|  |    |  |     |  | |  ||  |_| /  |  |____
     |  ||_   ||   _  \  |   _   ||   _  \  |   _    |    |  |  __ |  | |  ||   _  \  |   ____|
     |  |__|  ||  | \  \ |  | |  ||  | \  \ |  | \   |    |  |_|  ||  |_|  ||  | \  \ |  |____
     |________||__|  \__\|__| |__||__|  \__\|__|  \__|    |_______||_______||__|  \__\|_______|

                                         THE KNOWLEDGE GRAPH
====================================================================================================
2018-11-29 17:24:06,784 [main] INFO  ai.grakn.engine.Server - 
==================================================
2018-11-29 17:24:06,785 [main] INFO  ai.grakn.engine.Server - EngineID{value=futaba-rio-f0f490a5-61c6-4448-8ea0-145e9d84569d} is checking the system schema
2018-11-29 17:24:15,220 [main] INFO  ai.grakn.engine.KeyspaceStore - Loading schema
2018-11-29 17:24:17,599 [main] INFO  ai.grakn.engine.KeyspaceStore - Loaded system schema to system keyspace. Took: 10.81 s
2018-11-29 17:24:18,013 [ForkJoinPool.commonPool-worker-1] INFO  a.g.e.a.d.AttributeDeduplicatorDaemon - startDeduplicationDaemon() - attribute de-duplicator daemon started.
2018-11-29 17:24:18,014 [main] INFO  ai.grakn.engine.Server - Grakn started in 11.23 s
2018-11-29 17:29:08,268 [qtp1554789675-37] WARN  a.grakn.factory.TxFactoryJanusHadoop - Hadoop graph ignores parameter address.
2018-11-29 17:29:14,340 [GraknSparkComputer-boss] WARN  a.g.k.i.computer.GraknSparkComputer - HADOOP_GREMLIN_LIBS is not set -- proceeding regardless
2018-11-29 17:29:32,303 [GraknSparkComputer-boss] WARN  a.g.k.i.computer.GraknSparkComputer - HADOOP_GREMLIN_LIBS is not set -- proceeding regardless
2018-11-29 17:29:35,042 [GraknSparkComputer-boss] WARN  a.g.k.i.computer.GraknSparkComputer - HADOOP_GREMLIN_LIBS is not set -- proceeding regardless
2018-11-29 17:29:43,639 [GraknSparkComputer-boss] WARN  a.g.k.i.computer.GraknSparkComputer - HADOOP_GREMLIN_LIBS is not set -- proceeding regardless
