2018-11-29 15:44:47,228 [main] INFO  ai.grakn.engine.GraknConfig - Project directory in use: /home/truong/Downloads/grakn-core-1.4.0
2018-11-29 15:44:47,232 [main] INFO  ai.grakn.engine.GraknConfig - Configuration file in use: /home/truong/Downloads/grakn-core-1.4.0/conf/grakn.properties
2018-11-29 15:44:47,234 [main] INFO  ai.grakn.engine.GraknConfig - Project directory in use: /home/truong/Downloads/grakn-core-1.4.0
2018-11-29 15:44:47,234 [main] INFO  ai.grakn.engine.GraknConfig - Configuration file in use: /home/truong/Downloads/grakn-core-1.4.0/conf/grakn.properties
2018-11-29 15:44:53,443 [main] INFO  ai.grakn.engine.GraknConfig - Project directory in use: /home/truong/Downloads/grakn-core-1.4.0
2018-11-29 15:44:53,447 [main] INFO  ai.grakn.engine.GraknConfig - Configuration file in use: /home/truong/Downloads/grakn-core-1.4.0/conf/grakn.properties
2018-11-29 15:44:53,448 [main] INFO  ai.grakn.engine.GraknConfig - Project directory in use: /home/truong/Downloads/grakn-core-1.4.0
2018-11-29 15:44:53,448 [main] INFO  ai.grakn.engine.GraknConfig - Configuration file in use: /home/truong/Downloads/grakn-core-1.4.0/conf/grakn.properties
2018-11-29 15:44:53,450 [main] INFO  ai.grakn.engine.GraknConfig - Project directory in use: /home/truong/Downloads/grakn-core-1.4.0
2018-11-29 15:44:53,450 [main] INFO  ai.grakn.engine.GraknConfig - Configuration file in use: /home/truong/Downloads/grakn-core-1.4.0/conf/grakn.properties
2018-11-29 15:45:04,241 [main] INFO  ai.grakn.engine.GraknConfig - Project directory in use: /home/truong/Downloads/grakn-core-1.4.0
2018-11-29 15:45:04,245 [main] INFO  ai.grakn.engine.GraknConfig - Configuration file in use: /home/truong/Downloads/grakn-core-1.4.0/conf/grakn.properties
2018-11-29 15:45:04,617 [main] INFO  ai.grakn.engine.Server - 
==================================================
2018-11-29 15:45:04,618 [main] INFO  ai.grakn.engine.Server - 
====================================================================================================
      ________  _____     _______  __    __  __    __      _______  _______  _____     _______
     |   __   ||   _  \  |   _   ||  |  /  /|  \  |  |    |   _   ||   _   ||   _  \  |   ____|
     |  |  |__||  | |  | |  | |  ||  | /  / |   \ |  |    |  | |__||  | |  ||  | |  | |  |
     |  | ____ |  |_| /  |  |_|  ||  |/  /  |    \|  |    |  |     |  | |  ||  |_| /  |  |____
     |  ||_   ||   _  \  |   _   ||   _  \  |   _    |    |  |  __ |  | |  ||   _  \  |   ____|
     |  |__|  ||  | \  \ |  | |  ||  | \  \ |  | \   |    |  |_|  ||  |_|  ||  | \  \ |  |____
     |________||__|  \__\|__| |__||__|  \__\|__|  \__|    |_______||_______||__|  \__\|_______|

                                         THE KNOWLEDGE GRAPH
====================================================================================================
2018-11-29 15:45:04,618 [main] INFO  ai.grakn.engine.Server - 
==================================================
2018-11-29 15:45:04,619 [main] INFO  ai.grakn.engine.Server - EngineID{value=futaba-rio-e7cc1a57-c036-4852-b9b1-c8e557511734} is checking the system schema
2018-11-29 15:45:15,242 [main] INFO  ai.grakn.engine.KeyspaceStore - Loading schema
2018-11-29 15:45:17,610 [main] INFO  ai.grakn.engine.KeyspaceStore - Loaded system schema to system keyspace. Took: 12.99 s
2018-11-29 15:45:17,993 [ForkJoinPool.commonPool-worker-1] INFO  a.g.e.a.d.AttributeDeduplicatorDaemon - startDeduplicationDaemon() - attribute de-duplicator daemon started.
2018-11-29 15:45:17,994 [main] INFO  ai.grakn.engine.Server - Grakn started in 13.38 s
